#
# An unexpected error has been detected by Java Runtime Environment:
#
#  EXCEPTION_ACCESS_VIOLATION (0xc0000005) at pc=0x7c968fea, pid=6016, tid=4572
#
# Java VM: Java HotSpot(TM) Client VM (10.0-b19 mixed mode windows-x86)
# Problematic frame:
# C  [ntdll.dll+0x18fea]
#
# If you would like to submit a bug report, please visit:
#   http://java.sun.com/webapps/bugreport/crash.jsp
# The crash happened outside the Java Virtual Machine in native code.
# See problematic frame for where to report the bug.
#

---------------  T H R E A D  ---------------

Current thread (0x0aacd400):  JavaThread "JDWP Command Reader" daemon [_thread_in_native, id=4572, stack(0x0af90000,0x0afe0000)]

siginfo: ExceptionCode=0xc0000005, writing address 0x00000010

Registers:
EAX=0x00000000, EBX=0x00000000, ECX=0x00001d20, EDX=0x0ad762e4
ESP=0x0afdf9f0, EBP=0x0afdfa64, ESI=0x0ad762d4, EDI=0x00000000
EIP=0x7c968fea, EFLAGS=0x00010246

Top of Stack: (sp=0x0afdf9f0)
0x0afdf9f0:   0ad42068 00000000 00000000 ffb3b4c0
0x0afdfa00:   ffffffff 00099268 00000000 00000000
0x0afdfa10:   0afdfa88 719a57c9 00001cbc 00001d40
0x0afdfa20:   00000002 719a44b0 0afdfb14 0afdfb20
0x0afdfa30:   00000001 0afdfafc 00000001 00000000
0x0afdfa40:   00000020 0afdfb84 0afdfb0c 00000000
0x0afdfa50:   00000000 00001cbc 00000000 00000000
0x0afdfa60:   00001d20 0afdfafc 7c95104b 00d762d4 

Instructions: (pc=0x7c968fea)
0x7c968fda:   8b 46 10 3b c3 89 45 fc 0f 84 9e 00 00 00 8b 06
0x7c968fea:   ff 40 10 8b 45 fc 83 e0 01 89 45 e8 8b 06 ff 40 


Stack: [0x0af90000,0x0afe0000],  sp=0x0afdf9f0,  free space=318k
Native frames: (J=compiled Java code, j=interpreted, Vv=VM code, C=native code)
C  [ntdll.dll+0x18fea]
C  [ntdll.dll+0x104b]


---------------  P R O C E S S  ---------------

Java Threads: ( => current thread )
  0x0b208400 JavaThread "AWT-EventQueue-0" [_thread_blocked, id=4972, stack(0x14e50000,0x14ea0000)]
  0x0b241c00 JavaThread "TimerQueue" daemon [_thread_blocked, id=5608, stack(0x0b4c0000,0x0b510000)]
  0x003a5800 JavaThread "DestroyJavaVM" [_thread_blocked, id=6120, stack(0x008c0000,0x00910000)]
  0x0b11ec00 JavaThread "AWT-EventQueue-0" [_thread_blocked, id=5812, stack(0x0b440000,0x0b490000)]
  0x0b11bc00 JavaThread "AWT-Shutdown" [_thread_blocked, id=5784, stack(0x0b3a0000,0x0b3f0000)]
  0x0b11ac00 JavaThread "Java2D Disposer" daemon [_thread_blocked, id=5892, stack(0x0b350000,0x0b3a0000)]
  0x0aadb400 JavaThread "Low Memory Detector" daemon [_thread_blocked, id=3780, stack(0x0b030000,0x0b080000)]
  0x0aad9400 JavaThread "CompilerThread0" daemon [_thread_blocked, id=1800, stack(0x0afe0000,0x0b030000)]
=>0x0aacd400 JavaThread "JDWP Command Reader" daemon [_thread_in_native, id=4572, stack(0x0af90000,0x0afe0000)]
  0x0aacbc00 JavaThread "JDWP Event Helper Thread" daemon [_thread_blocked, id=3424, stack(0x0af40000,0x0af90000)]
  0x0aac9c00 JavaThread "JDWP Transport Listener: dt_socket" daemon [_thread_blocked, id=3752, stack(0x0aef0000,0x0af40000)]
  0x0aabec00 JavaThread "Attach Listener" daemon [_thread_blocked, id=2840, stack(0x0ac70000,0x0acc0000)]
  0x0aaba800 JavaThread "Signal Dispatcher" daemon [_thread_blocked, id=2416, stack(0x0ac20000,0x0ac70000)]
  0x0aaa9000 JavaThread "Finalizer" daemon [_thread_blocked, id=4164, stack(0x0abd0000,0x0ac20000)]
  0x0aaa4c00 JavaThread "Reference Handler" daemon [_thread_blocked, id=5264, stack(0x0ab80000,0x0abd0000)]

Other Threads:
  0x0aaa0000 VMThread [stack: 0x0ab30000,0x0ab80000] [id=4600]

VM state:at safepoint (normal execution)

VM Mutex/Monitor currently owned by a thread:  ([mutex/lock_event])
[0x003a5018/0x00001f10] Threads_lock - owner thread: 0x0aaa0000

Heap
 def new generation   total 960K, used 395K [0x02990000, 0x02a90000, 0x02e70000)
  eden space 896K,  36% used [0x02990000, 0x029e2db8, 0x02a70000)
  from space 64K,  99% used [0x02a70000, 0x02a7fff8, 0x02a80000)
  to   space 64K,   0% used [0x02a80000, 0x02a80000, 0x02a90000)
 tenured generation   total 4096K, used 1604K [0x02e70000, 0x03270000, 0x06990000)
   the space 4096K,  39% used [0x02e70000, 0x030013d0, 0x03001400, 0x03270000)
 compacting perm gen  total 12288K, used 8978K [0x06990000, 0x07590000, 0x0a990000)
   the space 12288K,  73% used [0x06990000, 0x07254838, 0x07254a00, 0x07590000)
No shared spaces configured.

Dynamic libraries:
0x00400000 - 0x00423000 	C:\Program Files\Java\jre1.6.0_05\bin\javaw.exe
0x7c950000 - 0x7c9f9000 	C:\WINDOWS\system32\ntdll.dll
0x7c800000 - 0x7c94c000 	C:\WINDOWS\system32\kernel32.dll
0x77d70000 - 0x77e1a000 	C:\WINDOWS\system32\ADVAPI32.dll
0x77e20000 - 0x77eb2000 	C:\WINDOWS\system32\RPCRT4.dll
0x77f90000 - 0x77fa1000 	C:\WINDOWS\system32\Secur32.dll
0x77ce0000 - 0x77d6f000 	C:\WINDOWS\system32\USER32.dll
0x77ec0000 - 0x77f07000 	C:\WINDOWS\system32\GDI32.dll
0x62ec0000 - 0x62ec9000 	C:\WINDOWS\system32\LPK.DLL
0x754a0000 - 0x7550b000 	C:\WINDOWS\system32\USP10.dll
0x77bb0000 - 0x77c08000 	C:\WINDOWS\system32\msvcrt.dll
0x7c340000 - 0x7c396000 	C:\Program Files\Java\jre1.6.0_05\bin\msvcr71.dll
0x6d7c0000 - 0x6da10000 	C:\Program Files\Java\jre1.6.0_05\bin\client\jvm.dll
0x76ac0000 - 0x76aed000 	C:\WINDOWS\system32\WINMM.dll
0x6d270000 - 0x6d278000 	C:\Program Files\Java\jre1.6.0_05\bin\hpi.dll
0x76b70000 - 0x76b7b000 	C:\WINDOWS\system32\PSAPI.DLL
0x6d360000 - 0x6d389000 	C:\Program Files\Java\jre1.6.0_05\bin\jdwp.dll
0x6d6c0000 - 0x6d6c6000 	C:\Program Files\Java\jre1.6.0_05\bin\npt.dll
0x6d770000 - 0x6d77c000 	C:\Program Files\Java\jre1.6.0_05\bin\verify.dll
0x6d310000 - 0x6d32f000 	C:\Program Files\Java\jre1.6.0_05\bin\java.dll
0x6d7b0000 - 0x6d7bf000 	C:\Program Files\Java\jre1.6.0_05\bin\zip.dll
0x6d1e0000 - 0x6d1e7000 	C:\Program Files\Java\jre1.6.0_05\bin\dt_socket.dll
0x71a00000 - 0x71a17000 	C:\WINDOWS\system32\WS2_32.dll
0x719f0000 - 0x719f8000 	C:\WINDOWS\system32\WS2HELP.dll
0x719a0000 - 0x719df000 	C:\WINDOWS\System32\mswsock.dll
0x76ec0000 - 0x76ee7000 	C:\WINDOWS\system32\DNSAPI.dll
0x76f50000 - 0x76f58000 	C:\WINDOWS\System32\winrnr.dll
0x76f00000 - 0x76f2c000 	C:\WINDOWS\system32\WLDAP32.dll
0x76f60000 - 0x76f66000 	C:\WINDOWS\system32\rasadhlp.dll
0x20b00000 - 0x20b46000 	C:\WINDOWS\system32\imon.dll
0x71a20000 - 0x71a29000 	C:\WINDOWS\system32\WSOCK32.dll
0x77c10000 - 0x77c31000 	C:\WINDOWS\system32\NTMARTA.DLL
0x77480000 - 0x775bd000 	C:\WINDOWS\system32\ole32.dll
0x71b70000 - 0x71b83000 	C:\WINDOWS\system32\SAMLIB.dll
0x62f40000 - 0x62f97000 	C:\WINDOWS\system32\hnetcfg.dll
0x719e0000 - 0x719e8000 	C:\WINDOWS\System32\wshtcpip.dll
0x6d000000 - 0x6d12e000 	C:\Program Files\Java\jre1.6.0_05\bin\awt.dll
0x72f60000 - 0x72f86000 	C:\WINDOWS\system32\WINSPOOL.DRV
0x762f0000 - 0x7630d000 	C:\WINDOWS\system32\IMM32.dll
0x5b210000 - 0x5b248000 	C:\WINDOWS\system32\uxtheme.dll
0x736c0000 - 0x73709000 	C:\WINDOWS\system32\ddraw.dll
0x73b20000 - 0x73b26000 	C:\WINDOWS\system32\DCIMAN32.dll
0x6d210000 - 0x6d263000 	C:\Program Files\Java\jre1.6.0_05\bin\fontmanager.dll
0x7e1e0000 - 0x7e9ef000 	C:\WINDOWS\system32\shell32.dll
0x77f10000 - 0x77f86000 	C:\WINDOWS\system32\SHLWAPI.dll
0x77370000 - 0x77473000 	C:\WINDOWS\WinSxS\x86_Microsoft.Windows.Common-Controls_6595b64144ccf1df_6.0.2600.2982_x-ww_ac3f9c03\comctl32.dll
0x5d550000 - 0x5d5ea000 	C:\WINDOWS\system32\comctl32.dll
0x6d570000 - 0x6d583000 	C:\Program Files\Java\jre1.6.0_05\bin\net.dll
0x58e50000 - 0x58e57000 	C:\WINDOWS\System32\wship6.dll
0x6d590000 - 0x6d599000 	C:\Program Files\Java\jre1.6.0_05\bin\nio.dll
0x5bd00000 - 0x5bd54000 	C:\WINDOWS\system32\netapi32.dll
0x71a70000 - 0x71a82000 	C:\WINDOWS\system32\MPR.dll
0x75ec0000 - 0x75ec7000 	C:\WINDOWS\System32\drprov.dll
0x71b90000 - 0x71b9e000 	C:\WINDOWS\System32\ntlanman.dll
0x71c50000 - 0x71c66000 	C:\WINDOWS\System32\NETUI0.dll
0x71c10000 - 0x71c50000 	C:\WINDOWS\System32\NETUI1.dll
0x71c00000 - 0x71c07000 	C:\WINDOWS\System32\NETRAP.dll
0x75ed0000 - 0x75ed9000 	C:\WINDOWS\System32\davclnt.dll
0x77890000 - 0x77981000 	C:\WINDOWS\system32\SETUPAPI.dll
0x771f0000 - 0x77212000 	C:\WINDOWS\system32\appHelp.dll
0x76f70000 - 0x76fef000 	C:\WINDOWS\system32\CLBCATQ.DLL
0x76ff0000 - 0x770ab000 	C:\WINDOWS\system32\COMRes.dll
0x770c0000 - 0x7714b000 	C:\WINDOWS\system32\OLEAUT32.dll
0x77ba0000 - 0x77ba8000 	C:\WINDOWS\system32\VERSION.dll
0x76bd0000 - 0x76bfe000 	C:\WINDOWS\system32\WINTRUST.dll
0x779f0000 - 0x77a84000 	C:\WINDOWS\system32\CRYPT32.dll
0x77a90000 - 0x77aa2000 	C:\WINDOWS\system32\MSASN1.dll
0x76c30000 - 0x76c58000 	C:\WINDOWS\system32\IMAGEHLP.dll
0x758c0000 - 0x759b6000 	C:\WINDOWS\system32\MSGINA.dll
0x74270000 - 0x742ad000 	C:\WINDOWS\system32\ODBC32.dll
0x76310000 - 0x76377000 	C:\WINDOWS\system32\comdlg32.dll
0x76940000 - 0x769f3000 	C:\WINDOWS\system32\USERENV.dll
0x762c0000 - 0x762d0000 	C:\WINDOWS\system32\WINSTA.dll
0x20000000 - 0x20017000 	C:\WINDOWS\system32\odbcint.dll
0x75cb0000 - 0x75d41000 	C:\WINDOWS\system32\MLANG.dll
0x13cb0000 - 0x14225000 	C:\WINDOWS\system32\xpsp2res.dll
0x76900000 - 0x76908000 	C:\WINDOWS\system32\LINKINFO.dll
0x76910000 - 0x76935000 	C:\WINDOWS\system32\ntshrui.dll
0x76aa0000 - 0x76ab1000 	C:\WINDOWS\system32\ATL.DLL
0x14280000 - 0x14439000 	C:\Program Files\Common Files\Ahead\Lib\NeroDigitalExt.dll
0x7c140000 - 0x7c243000 	C:\Program Files\Common Files\Ahead\Lib\MFC71.DLL
0x7c3a0000 - 0x7c41b000 	C:\Program Files\Common Files\Ahead\Lib\MSVCP71.dll
0x7d210000 - 0x7d4ce000 	C:\WINDOWS\system32\msi.dll
0x14440000 - 0x1445c000 	C:\Program Files\Adobe\Acrobat 7.0\ActiveX\pdfshell.dll
0x14480000 - 0x1448a000 	C:\Program Files\LG Software\System Control Manager\MGKBHook.dll

VM Arguments:
jvm_args: -agentlib:jdwp=transport=dt_socket,suspend=y,address=localhost:3474 
java_command: Project.AutomaticGarbageCollection
Launcher Type: SUN_STANDARD

Environment Variables:
PATH=C:\Program Files\Java\jre1.6.0_05\bin\client;C:\Program Files\Java\jre1.6.0_05\bin;C:\Borland\Bin;C:\Borland\Projects\Bpl;C:\WINDOWS\system32;C:\WINDOWS;C:\WINDOWS\System32\Wbem;c:\Program Files\Microsoft SQL Server\90\Tools\binn\;C:\MySQL\bin;C:\Program Files\MATLAB\R2008a\bin;C:\Program Files\MATLAB\R2008a\bin\win32;C:\TC\BIN
USERNAME=תומר
OS=Windows_NT
PROCESSOR_IDENTIFIER=x86 Family 6 Model 15 Stepping 6, GenuineIntel



---------------  S Y S T E M  ---------------

OS: Windows XP Build 2600 Service Pack 2

CPU:total 2 (2 cores per cpu, 1 threads per core) family 6 model 15 stepping 6, cmov, cx8, fxsr, mmx, sse, sse2, sse3, ssse3

Memory: 4k page, physical 1039724k(262388k free), swap 2500876k(1397592k free)

vm_info: Java HotSpot(TM) Client VM (10.0-b19) for windows-x86 JRE (1.6.0_05-b13), built on Feb 22 2008 01:16:53 by "java_re" with MS VC++ 7.1

time: Sat Oct 18 21:53:34 2008
elapsed time: 61 seconds

